<?xml version="1.0" encoding="UTF-8"?>
<!-- Generated by org.testng.reporters.JUnitReportReporter -->
<testsuite hostname="Gangadaran" failures="0" tests="2" name="com.leafBot.testcases.TC003_CreateLead" time="32.916" errors="0" timestamp="2022-09-11T09:14:53 IST" skipped="0">
  <testcase classname="com.leafBot.testcases.TC003_CreateLead" name="createLead" time="18.112"/>
  <system-out/>
  <testcase classname="com.leafBot.testcases.TC003_CreateLead" name="createLead" time="14.804"/>
  <system-out/>
</testsuite> <!-- com.leafBot.testcases.TC003_CreateLead -->
