<?xml version="1.0" encoding="UTF-8"?>
<!-- Generated by org.testng.reporters.JUnitReportReporter -->
<testsuite hostname="Gangadaran" failures="0" tests="2" name="com.leafBot.testcases.TC003_CreateLead" time="38.466" errors="0" timestamp="2022-09-11T13:21:02 IST" skipped="0">
  <testcase classname="com.leafBot.testcases.TC003_CreateLead" name="createLead" time="21.073"/>
  <system-out/>
  <testcase classname="com.leafBot.testcases.TC003_CreateLead" name="createLead" time="17.393"/>
  <system-out/>
</testsuite> <!-- com.leafBot.testcases.TC003_CreateLead -->
